<?xml version="1.0" encoding="UTF-8"?>
<!-- Generated by org.testng.reporters.JUnitReportReporter -->
<testsuite skipped="12" hostname="DELL-PC" name="com.sterna.automation.ConfigurationTestCasesNegativeScenarios" tests="14" failures="0" timestamp="2020-04-08T14:30:47 IST" time="9.146" errors="1">
  <testcase name="getResult" time="0.005" classname="com.sterna.automation.ConfigurationTestCasesNegativeScenarios">
    <error type="java.lang.NullPointerException">
      <![CDATA[java.lang.NullPointerException
at com.sterna.automation.TestBase.getResult(TestBase.java:67)
at sun.reflect.NativeMethodAccessorImpl.invoke0(Native Method)
at sun.reflect.NativeMethodAccessorImpl.invoke(Unknown Source)
at sun.reflect.DelegatingMethodAccessorImpl.invoke(Unknown Source)
at java.lang.reflect.Method.invoke(Unknown Source)
at org.testng.internal.MethodInvocationHelper.invokeMethod(MethodInvocationHelper.java:134)
at org.testng.internal.MethodInvocationHelper.invokeMethodConsideringTimeout(MethodInvocationHelper.java:63)
at org.testng.internal.ConfigInvoker.invokeConfigurationMethod(ConfigInvoker.java:348)
at org.testng.internal.ConfigInvoker.invokeConfigurations(ConfigInvoker.java:302)
at org.testng.internal.TestInvoker.runConfigMethods(TestInvoker.java:695)
at org.testng.internal.TestInvoker.runAfterGroupsConfigurations(TestInvoker.java:671)
at org.testng.internal.TestInvoker.invokeMethod(TestInvoker.java:655)
at org.testng.internal.TestInvoker.invokeTestMethod(TestInvoker.java:173)
at org.testng.internal.MethodRunner.runInSequence(MethodRunner.java:46)
at org.testng.internal.TestInvoker$MethodInvocationAgent.invoke(TestInvoker.java:816)
at org.testng.internal.TestInvoker.invokeTestMethods(TestInvoker.java:146)
at org.testng.internal.TestMethodWorker.invokeTestMethods(TestMethodWorker.java:146)
at org.testng.internal.TestMethodWorker.run(TestMethodWorker.java:128)
at org.testng.TestRunner$$Lambda$258/696165690.accept(Unknown Source)
at java.util.ArrayList.forEach(Unknown Source)
at org.testng.TestRunner.privateRun(TestRunner.java:766)
at org.testng.TestRunner.run(TestRunner.java:587)
at org.testng.SuiteRunner.runTest(SuiteRunner.java:384)
at org.testng.SuiteRunner.runSequentially(SuiteRunner.java:378)
at org.testng.SuiteRunner.privateRun(SuiteRunner.java:337)
at org.testng.SuiteRunner.run(SuiteRunner.java:286)
at org.testng.SuiteRunnerWorker.runSuite(SuiteRunnerWorker.java:53)
at org.testng.SuiteRunnerWorker.run(SuiteRunnerWorker.java:96)
at org.testng.TestNG.runSuitesSequentially(TestNG.java:1187)
at org.testng.TestNG.runSuitesLocally(TestNG.java:1109)
at org.testng.TestNG.runSuites(TestNG.java:1039)
at org.testng.TestNG.run(TestNG.java:1007)
at org.testng.remote.AbstractRemoteTestNG.run(AbstractRemoteTestNG.java:115)
at org.testng.remote.RemoteTestNG.initAndRun(RemoteTestNG.java:251)
at org.testng.remote.RemoteTestNG.main(RemoteTestNG.java:77)
]]>
    </error>
  </testcase> <!-- getResult -->
  <system-out/>
  <testcase name="ValidateKeyValidationTimeField" time="9.141" classname="com.sterna.automation.ConfigurationTestCasesNegativeScenarios"/>
  <system-out/>
  <testcase name="TerminalFillingTimeField" time="0.000" classname="com.sterna.automation.ConfigurationTestCasesNegativeScenarios">
    <skipped/>
  </testcase> <!-- TerminalFillingTimeField -->
  <system-out/>
  <testcase name="KeyReturnTimeField" time="0.000" classname="com.sterna.automation.ConfigurationTestCasesNegativeScenarios">
    <skipped/>
  </testcase> <!-- KeyReturnTimeField -->
  <system-out/>
  <testcase name="KeyboxDoorCloseTimeField" time="0.000" classname="com.sterna.automation.ConfigurationTestCasesNegativeScenarios">
    <skipped/>
  </testcase> <!-- KeyboxDoorCloseTimeField -->
  <system-out/>
  <testcase name="KeyboxDoorOpenTimeField" time="0.000" classname="com.sterna.automation.ConfigurationTestCasesNegativeScenarios">
    <skipped/>
  </testcase> <!-- KeyboxDoorOpenTimeField -->
  <system-out/>
  <testcase name="KeyboxHBDurationTimeField" time="0.000" classname="com.sterna.automation.ConfigurationTestCasesNegativeScenarios">
    <skipped/>
  </testcase> <!-- KeyboxHBDurationTimeField -->
  <system-out/>
  <testcase name="KeyboxhooterEnabledField" time="0.000" classname="com.sterna.automation.ConfigurationTestCasesNegativeScenarios">
    <skipped/>
  </testcase> <!-- KeyboxhooterEnabledField -->
  <system-out/>
  <testcase name="KeyboxTurnTimeField" time="0.000" classname="com.sterna.automation.ConfigurationTestCasesNegativeScenarios">
    <skipped/>
  </testcase> <!-- KeyboxTurnTimeField -->
  <system-out/>
  <testcase name="OTPCountField" time="0.000" classname="com.sterna.automation.ConfigurationTestCasesNegativeScenarios">
    <skipped/>
  </testcase> <!-- OTPCountField -->
  <system-out/>
  <testcase name="RadiusField" time="0.000" classname="com.sterna.automation.ConfigurationTestCasesNegativeScenarios">
    <skipped/>
  </testcase> <!-- RadiusField -->
  <system-out/>
  <testcase name="SwipeInRepeatCountField" time="0.000" classname="com.sterna.automation.ConfigurationTestCasesNegativeScenarios">
    <skipped/>
  </testcase> <!-- SwipeInRepeatCountField -->
  <system-out/>
  <testcase name="SwipeOutRepeatCountField" time="0.000" classname="com.sterna.automation.ConfigurationTestCasesNegativeScenarios">
    <skipped/>
  </testcase> <!-- SwipeOutRepeatCountField -->
  <system-out/>
  <testcase name="VTSOffLineTimeField" time="0.000" classname="com.sterna.automation.ConfigurationTestCasesNegativeScenarios">
    <skipped/>
  </testcase> <!-- VTSOffLineTimeField -->
  <system-out/>
</testsuite> <!-- com.sterna.automation.ConfigurationTestCasesNegativeScenarios -->
